Started GET "/" for ::1 at 2018-04-12 19:10:25 -0400
Processing by Rails::WelcomeController#index as HTML
  Parameters: {"internal"=>true}
  Rendering /Users/gustavodemattos/.rbenv/versions/2.5.0/lib/ruby/gems/2.5.0/gems/railties-5.0.4/lib/rails/templates/rails/welcome/index.html.erb
  Rendered /Users/gustavodemattos/.rbenv/versions/2.5.0/lib/ruby/gems/2.5.0/gems/railties-5.0.4/lib/rails/templates/rails/welcome/index.html.erb (2.9ms)
Completed 200 OK in 17ms (Views: 13.9ms | ActiveRecord: 0.0ms)


Started GET "/welcome" for ::1 at 2018-04-12 19:11:08 -0400
  
ActionController::RoutingError (No route matches [GET] "/welcome"):
  

  Rendering /Users/gustavodemattos/.rbenv/versions/2.5.0/lib/ruby/gems/2.5.0/gems/actionpack-5.0.4/lib/action_dispatch/middleware/templates/rescues/routing_error.html.erb within rescues/layout
  Rendering /Users/gustavodemattos/.rbenv/versions/2.5.0/lib/ruby/gems/2.5.0/gems/actionpack-5.0.4/lib/action_dispatch/middleware/templates/rescues/_trace.html.erb
  Rendered /Users/gustavodemattos/.rbenv/versions/2.5.0/lib/ruby/gems/2.5.0/gems/actionpack-5.0.4/lib/action_dispatch/middleware/templates/rescues/_trace.html.erb (0.9ms)
  Rendered /Users/gustavodemattos/.rbenv/versions/2.5.0/lib/ruby/gems/2.5.0/gems/actionpack-5.0.4/lib/action_dispatch/middleware/templates/routes/_table.html.erb (8.3ms)
  Rendering /Users/gustavodemattos/.rbenv/versions/2.5.0/lib/ruby/gems/2.5.0/gems/actionpack-5.0.4/lib/action_dispatch/middleware/templates/rescues/_request_and_response.html.erb
  Rendered /Users/gustavodemattos/.rbenv/versions/2.5.0/lib/ruby/gems/2.5.0/gems/actionpack-5.0.4/lib/action_dispatch/middleware/templates/rescues/_request_and_response.html.erb (9.2ms)
  Rendered /Users/gustavodemattos/.rbenv/versions/2.5.0/lib/ruby/gems/2.5.0/gems/actionpack-5.0.4/lib/action_dispatch/middleware/templates/rescues/routing_error.html.erb within rescues/layout (112.8ms)
DEPRECATION WARNING: Accessing mime types via constants is deprecated. Please change `Mime::HTML` to `Mime[:html]`. (called from acceptable_content_type? at /Users/gustavodemattos/.rbenv/versions/2.5.0/lib/ruby/gems/2.5.0/gems/web-console-2.3.0/lib/web_console/middleware.rb:58)
  Rendering /Users/gustavodemattos/.rbenv/versions/2.5.0/lib/ruby/gems/2.5.0/gems/web-console-2.3.0/lib/web_console/templates/index.html.erb
  Rendered /Users/gustavodemattos/.rbenv/versions/2.5.0/lib/ruby/gems/2.5.0/gems/web-console-2.3.0/lib/web_console/templates/_markup.html.erb (0.3ms)
  Rendering /Users/gustavodemattos/.rbenv/versions/2.5.0/lib/ruby/gems/2.5.0/gems/web-console-2.3.0/lib/web_console/templates/console.js.erb within layouts/javascript
  Rendering /Users/gustavodemattos/.rbenv/versions/2.5.0/lib/ruby/gems/2.5.0/gems/web-console-2.3.0/lib/web_console/templates/_inner_console_markup.html.erb within layouts/inlined_string
  Rendered /Users/gustavodemattos/.rbenv/versions/2.5.0/lib/ruby/gems/2.5.0/gems/web-console-2.3.0/lib/web_console/templates/_inner_console_markup.html.erb within layouts/inlined_string (0.3ms)
  Rendering /Users/gustavodemattos/.rbenv/versions/2.5.0/lib/ruby/gems/2.5.0/gems/web-console-2.3.0/lib/web_console/templates/_prompt_box_markup.html.erb within layouts/inlined_string
  Rendered /Users/gustavodemattos/.rbenv/versions/2.5.0/lib/ruby/gems/2.5.0/gems/web-console-2.3.0/lib/web_console/templates/_prompt_box_markup.html.erb within layouts/inlined_string (0.2ms)
  Rendering /Users/gustavodemattos/.rbenv/versions/2.5.0/lib/ruby/gems/2.5.0/gems/web-console-2.3.0/lib/web_console/templates/style.css.erb within layouts/inlined_string
  Rendered /Users/gustavodemattos/.rbenv/versions/2.5.0/lib/ruby/gems/2.5.0/gems/web-console-2.3.0/lib/web_console/templates/style.css.erb within layouts/inlined_string (0.3ms)
DEPRECATION WARNING: Accessing mime types via constants is deprecated. Please change `Mime::WEB_CONSOLE_V2` to `Mime[:web_console_v2]`. (called from ___sers_gustavodemattos__rbenv_versions_______lib_ruby_gems_______gems_web_console_______lib_web_console_templates_console_js_erb___130035696661543253_70171119769840 at /Users/gustavodemattos/.rbenv/versions/2.5.0/lib/ruby/gems/2.5.0/gems/web-console-2.3.0/lib/web_console/templates/console.js.erb:491)
  Rendered /Users/gustavodemattos/.rbenv/versions/2.5.0/lib/ruby/gems/2.5.0/gems/web-console-2.3.0/lib/web_console/templates/console.js.erb within layouts/javascript (94.9ms)
  Rendering /Users/gustavodemattos/.rbenv/versions/2.5.0/lib/ruby/gems/2.5.0/gems/web-console-2.3.0/lib/web_console/templates/main.js.erb within layouts/javascript
  Rendered /Users/gustavodemattos/.rbenv/versions/2.5.0/lib/ruby/gems/2.5.0/gems/web-console-2.3.0/lib/web_console/templates/main.js.erb within layouts/javascript (0.3ms)
  Rendering /Users/gustavodemattos/.rbenv/versions/2.5.0/lib/ruby/gems/2.5.0/gems/web-console-2.3.0/lib/web_console/templates/error_page.js.erb within layouts/javascript
  Rendered /Users/gustavodemattos/.rbenv/versions/2.5.0/lib/ruby/gems/2.5.0/gems/web-console-2.3.0/lib/web_console/templates/error_page.js.erb within layouts/javascript (0.3ms)
  Rendered /Users/gustavodemattos/.rbenv/versions/2.5.0/lib/ruby/gems/2.5.0/gems/web-console-2.3.0/lib/web_console/templates/index.html.erb (205.2ms)
Started GET "/welcome" for ::1 at 2018-04-12 19:12:13 -0400
Processing by PagesController#welcome as HTML
  Rendering pages/welcome.html.erb within layouts/application
  Rendered pages/welcome.html.erb within layouts/application (0.2ms)
Completed 200 OK in 255ms (Views: 253.2ms | ActiveRecord: 0.0ms)


Started GET "/about" for ::1 at 2018-04-12 19:14:40 -0400
Processing by PagesController#about as HTML
  Rendering pages/about.html.erb within layouts/application
  Rendered pages/about.html.erb within layouts/application (0.2ms)
Completed 200 OK in 15ms (Views: 13.3ms | ActiveRecord: 0.0ms)


Started GET "/welcome" for ::1 at 2018-04-12 19:21:23 -0400
Processing by PagesController#welcome as HTML
  Rendering pages/welcome.html.erb within layouts/application
  Rendered pages/welcome.html.erb within layouts/application (0.2ms)
Completed 200 OK in 14ms (Views: 12.3ms | ActiveRecord: 0.0ms)


Started GET "/welcome" for ::1 at 2018-04-12 19:21:48 -0400
Processing by PagesController#welcome as HTML
  Rendering pages/welcome.html.erb within layouts/application
  Rendered pages/welcome.html.erb within layouts/application (0.6ms)
Completed 200 OK in 28ms (Views: 24.7ms | ActiveRecord: 0.0ms)


Started GET "/about" for ::1 at 2018-04-12 19:22:14 -0400
Processing by PagesController#about as HTML
  Rendering pages/about.html.erb within layouts/application
  Rendered pages/about.html.erb within layouts/application (0.3ms)
Completed 200 OK in 18ms (Views: 15.8ms | ActiveRecord: 0.0ms)


Started GET "/about" for ::1 at 2018-04-12 19:23:36 -0400
  
ActionController::RoutingError (No route matches [GET] "/about"):
  

  Rendering /Users/gustavodemattos/.rbenv/versions/2.5.0/lib/ruby/gems/2.5.0/gems/actionpack-5.0.4/lib/action_dispatch/middleware/templates/rescues/routing_error.html.erb within rescues/layout
  Rendering /Users/gustavodemattos/.rbenv/versions/2.5.0/lib/ruby/gems/2.5.0/gems/actionpack-5.0.4/lib/action_dispatch/middleware/templates/rescues/_trace.html.erb
  Rendered /Users/gustavodemattos/.rbenv/versions/2.5.0/lib/ruby/gems/2.5.0/gems/actionpack-5.0.4/lib/action_dispatch/middleware/templates/rescues/_trace.html.erb (1.5ms)
  Rendered collection of /Users/gustavodemattos/.rbenv/versions/2.5.0/lib/ruby/gems/2.5.0/gems/actionpack-5.0.4/lib/action_dispatch/middleware/templates/routes/_route.html.erb [8 times] (8.4ms)
  Rendered /Users/gustavodemattos/.rbenv/versions/2.5.0/lib/ruby/gems/2.5.0/gems/actionpack-5.0.4/lib/action_dispatch/middleware/templates/routes/_table.html.erb (1.5ms)
  Rendering /Users/gustavodemattos/.rbenv/versions/2.5.0/lib/ruby/gems/2.5.0/gems/actionpack-5.0.4/lib/action_dispatch/middleware/templates/rescues/_request_and_response.html.erb
  Rendered /Users/gustavodemattos/.rbenv/versions/2.5.0/lib/ruby/gems/2.5.0/gems/actionpack-5.0.4/lib/action_dispatch/middleware/templates/rescues/_request_and_response.html.erb (1.2ms)
  Rendered /Users/gustavodemattos/.rbenv/versions/2.5.0/lib/ruby/gems/2.5.0/gems/actionpack-5.0.4/lib/action_dispatch/middleware/templates/rescues/routing_error.html.erb within rescues/layout (123.6ms)
DEPRECATION WARNING: Accessing mime types via constants is deprecated. Please change `Mime::HTML` to `Mime[:html]`. (called from acceptable_content_type? at /Users/gustavodemattos/.rbenv/versions/2.5.0/lib/ruby/gems/2.5.0/gems/web-console-2.3.0/lib/web_console/middleware.rb:58)
  Rendering /Users/gustavodemattos/.rbenv/versions/2.5.0/lib/ruby/gems/2.5.0/gems/web-console-2.3.0/lib/web_console/templates/index.html.erb
  Rendered /Users/gustavodemattos/.rbenv/versions/2.5.0/lib/ruby/gems/2.5.0/gems/web-console-2.3.0/lib/web_console/templates/_markup.html.erb (0.3ms)
  Rendering /Users/gustavodemattos/.rbenv/versions/2.5.0/lib/ruby/gems/2.5.0/gems/web-console-2.3.0/lib/web_console/templates/console.js.erb within layouts/javascript
  Rendering /Users/gustavodemattos/.rbenv/versions/2.5.0/lib/ruby/gems/2.5.0/gems/web-console-2.3.0/lib/web_console/templates/_inner_console_markup.html.erb within layouts/inlined_string
  Rendered /Users/gustavodemattos/.rbenv/versions/2.5.0/lib/ruby/gems/2.5.0/gems/web-console-2.3.0/lib/web_console/templates/_inner_console_markup.html.erb within layouts/inlined_string (0.2ms)
  Rendering /Users/gustavodemattos/.rbenv/versions/2.5.0/lib/ruby/gems/2.5.0/gems/web-console-2.3.0/lib/web_console/templates/_prompt_box_markup.html.erb within layouts/inlined_string
  Rendered /Users/gustavodemattos/.rbenv/versions/2.5.0/lib/ruby/gems/2.5.0/gems/web-console-2.3.0/lib/web_console/templates/_prompt_box_markup.html.erb within layouts/inlined_string (0.3ms)
  Rendering /Users/gustavodemattos/.rbenv/versions/2.5.0/lib/ruby/gems/2.5.0/gems/web-console-2.3.0/lib/web_console/templates/style.css.erb within layouts/inlined_string
  Rendered /Users/gustavodemattos/.rbenv/versions/2.5.0/lib/ruby/gems/2.5.0/gems/web-console-2.3.0/lib/web_console/templates/style.css.erb within layouts/inlined_string (0.3ms)
DEPRECATION WARNING: Accessing mime types via constants is deprecated. Please change `Mime::WEB_CONSOLE_V2` to `Mime[:web_console_v2]`. (called from ___sers_gustavodemattos__rbenv_versions_______lib_ruby_gems_______gems_web_console_______lib_web_console_templates_console_js_erb___130035696661543253_70171126551780 at /Users/gustavodemattos/.rbenv/versions/2.5.0/lib/ruby/gems/2.5.0/gems/web-console-2.3.0/lib/web_console/templates/console.js.erb:491)
  Rendered /Users/gustavodemattos/.rbenv/versions/2.5.0/lib/ruby/gems/2.5.0/gems/web-console-2.3.0/lib/web_console/templates/console.js.erb within layouts/javascript (82.2ms)
  Rendering /Users/gustavodemattos/.rbenv/versions/2.5.0/lib/ruby/gems/2.5.0/gems/web-console-2.3.0/lib/web_console/templates/main.js.erb within layouts/javascript
  Rendered /Users/gustavodemattos/.rbenv/versions/2.5.0/lib/ruby/gems/2.5.0/gems/web-console-2.3.0/lib/web_console/templates/main.js.erb within layouts/javascript (0.2ms)
  Rendering /Users/gustavodemattos/.rbenv/versions/2.5.0/lib/ruby/gems/2.5.0/gems/web-console-2.3.0/lib/web_console/templates/error_page.js.erb within layouts/javascript
  Rendered /Users/gustavodemattos/.rbenv/versions/2.5.0/lib/ruby/gems/2.5.0/gems/web-console-2.3.0/lib/web_console/templates/error_page.js.erb within layouts/javascript (0.3ms)
  Rendered /Users/gustavodemattos/.rbenv/versions/2.5.0/lib/ruby/gems/2.5.0/gems/web-console-2.3.0/lib/web_console/templates/index.html.erb (177.2ms)
Started GET "/about" for ::1 at 2018-04-12 19:23:48 -0400
  
ActionController::RoutingError (No route matches [GET] "/about"):
  

  Rendering /Users/gustavodemattos/.rbenv/versions/2.5.0/lib/ruby/gems/2.5.0/gems/actionpack-5.0.4/lib/action_dispatch/middleware/templates/rescues/routing_error.html.erb within rescues/layout
  Rendering /Users/gustavodemattos/.rbenv/versions/2.5.0/lib/ruby/gems/2.5.0/gems/actionpack-5.0.4/lib/action_dispatch/middleware/templates/rescues/_trace.html.erb
  Rendered /Users/gustavodemattos/.rbenv/versions/2.5.0/lib/ruby/gems/2.5.0/gems/actionpack-5.0.4/lib/action_dispatch/middleware/templates/rescues/_trace.html.erb (0.6ms)
  Rendered collection of /Users/gustavodemattos/.rbenv/versions/2.5.0/lib/ruby/gems/2.5.0/gems/actionpack-5.0.4/lib/action_dispatch/middleware/templates/routes/_route.html.erb [8 times] (2.0ms)
  Rendered /Users/gustavodemattos/.rbenv/versions/2.5.0/lib/ruby/gems/2.5.0/gems/actionpack-5.0.4/lib/action_dispatch/middleware/templates/routes/_table.html.erb (5.6ms)
  Rendering /Users/gustavodemattos/.rbenv/versions/2.5.0/lib/ruby/gems/2.5.0/gems/actionpack-5.0.4/lib/action_dispatch/middleware/templates/rescues/_request_and_response.html.erb
  Rendered /Users/gustavodemattos/.rbenv/versions/2.5.0/lib/ruby/gems/2.5.0/gems/actionpack-5.0.4/lib/action_dispatch/middleware/templates/rescues/_request_and_response.html.erb (7.5ms)
  Rendered /Users/gustavodemattos/.rbenv/versions/2.5.0/lib/ruby/gems/2.5.0/gems/actionpack-5.0.4/lib/action_dispatch/middleware/templates/rescues/routing_error.html.erb within rescues/layout (139.1ms)
DEPRECATION WARNING: Accessing mime types via constants is deprecated. Please change `Mime::HTML` to `Mime[:html]`. (called from acceptable_content_type? at /Users/gustavodemattos/.rbenv/versions/2.5.0/lib/ruby/gems/2.5.0/gems/web-console-2.3.0/lib/web_console/middleware.rb:58)
  Rendering /Users/gustavodemattos/.rbenv/versions/2.5.0/lib/ruby/gems/2.5.0/gems/web-console-2.3.0/lib/web_console/templates/index.html.erb
  Rendered /Users/gustavodemattos/.rbenv/versions/2.5.0/lib/ruby/gems/2.5.0/gems/web-console-2.3.0/lib/web_console/templates/_markup.html.erb (0.3ms)
  Rendering /Users/gustavodemattos/.rbenv/versions/2.5.0/lib/ruby/gems/2.5.0/gems/web-console-2.3.0/lib/web_console/templates/console.js.erb within layouts/javascript
  Rendering /Users/gustavodemattos/.rbenv/versions/2.5.0/lib/ruby/gems/2.5.0/gems/web-console-2.3.0/lib/web_console/templates/_inner_console_markup.html.erb within layouts/inlined_string
  Rendered /Users/gustavodemattos/.rbenv/versions/2.5.0/lib/ruby/gems/2.5.0/gems/web-console-2.3.0/lib/web_console/templates/_inner_console_markup.html.erb within layouts/inlined_string (0.3ms)
  Rendering /Users/gustavodemattos/.rbenv/versions/2.5.0/lib/ruby/gems/2.5.0/gems/web-console-2.3.0/lib/web_console/templates/_prompt_box_markup.html.erb within layouts/inlined_string
  Rendered /Users/gustavodemattos/.rbenv/versions/2.5.0/lib/ruby/gems/2.5.0/gems/web-console-2.3.0/lib/web_console/templates/_prompt_box_markup.html.erb within layouts/inlined_string (0.2ms)
  Rendering /Users/gustavodemattos/.rbenv/versions/2.5.0/lib/ruby/gems/2.5.0/gems/web-console-2.3.0/lib/web_console/templates/style.css.erb within layouts/inlined_string
  Rendered /Users/gustavodemattos/.rbenv/versions/2.5.0/lib/ruby/gems/2.5.0/gems/web-console-2.3.0/lib/web_console/templates/style.css.erb within layouts/inlined_string (0.3ms)
DEPRECATION WARNING: Accessing mime types via constants is deprecated. Please change `Mime::WEB_CONSOLE_V2` to `Mime[:web_console_v2]`. (called from ___sers_gustavodemattos__rbenv_versions_______lib_ruby_gems_______gems_web_console_______lib_web_console_templates_console_js_erb__3996187604320924821_70243922699020 at /Users/gustavodemattos/.rbenv/versions/2.5.0/lib/ruby/gems/2.5.0/gems/web-console-2.3.0/lib/web_console/templates/console.js.erb:491)
  Rendered /Users/gustavodemattos/.rbenv/versions/2.5.0/lib/ruby/gems/2.5.0/gems/web-console-2.3.0/lib/web_console/templates/console.js.erb within layouts/javascript (86.8ms)
  Rendering /Users/gustavodemattos/.rbenv/versions/2.5.0/lib/ruby/gems/2.5.0/gems/web-console-2.3.0/lib/web_console/templates/main.js.erb within layouts/javascript
  Rendered /Users/gustavodemattos/.rbenv/versions/2.5.0/lib/ruby/gems/2.5.0/gems/web-console-2.3.0/lib/web_console/templates/main.js.erb within layouts/javascript (0.2ms)
  Rendering /Users/gustavodemattos/.rbenv/versions/2.5.0/lib/ruby/gems/2.5.0/gems/web-console-2.3.0/lib/web_console/templates/error_page.js.erb within layouts/javascript
  Rendered /Users/gustavodemattos/.rbenv/versions/2.5.0/lib/ruby/gems/2.5.0/gems/web-console-2.3.0/lib/web_console/templates/error_page.js.erb within layouts/javascript (0.3ms)
  Rendered /Users/gustavodemattos/.rbenv/versions/2.5.0/lib/ruby/gems/2.5.0/gems/web-console-2.3.0/lib/web_console/templates/index.html.erb (192.4ms)
Started GET "/about" for ::1 at 2018-04-12 19:25:37 -0400
Processing by PagesController#about as HTML
  Rendering pages/about.html.erb within layouts/application
  Rendered pages/about.html.erb within layouts/application (0.3ms)
Completed 200 OK in 136ms (Views: 134.1ms | ActiveRecord: 0.0ms)


Started GET "/kittens" for ::1 at 2018-04-12 19:27:18 -0400
  
ActionController::RoutingError (No route matches [GET] "/kittens"):
  

  Rendering /Users/gustavodemattos/.rbenv/versions/2.5.0/lib/ruby/gems/2.5.0/gems/actionpack-5.0.4/lib/action_dispatch/middleware/templates/rescues/routing_error.html.erb within rescues/layout
  Rendering /Users/gustavodemattos/.rbenv/versions/2.5.0/lib/ruby/gems/2.5.0/gems/actionpack-5.0.4/lib/action_dispatch/middleware/templates/rescues/_trace.html.erb
  Rendered /Users/gustavodemattos/.rbenv/versions/2.5.0/lib/ruby/gems/2.5.0/gems/actionpack-5.0.4/lib/action_dispatch/middleware/templates/rescues/_trace.html.erb (0.6ms)
  Rendered collection of /Users/gustavodemattos/.rbenv/versions/2.5.0/lib/ruby/gems/2.5.0/gems/actionpack-5.0.4/lib/action_dispatch/middleware/templates/routes/_route.html.erb [5 times] (1.3ms)
  Rendered /Users/gustavodemattos/.rbenv/versions/2.5.0/lib/ruby/gems/2.5.0/gems/actionpack-5.0.4/lib/action_dispatch/middleware/templates/routes/_table.html.erb (0.8ms)
  Rendering /Users/gustavodemattos/.rbenv/versions/2.5.0/lib/ruby/gems/2.5.0/gems/actionpack-5.0.4/lib/action_dispatch/middleware/templates/rescues/_request_and_response.html.erb
  Rendered /Users/gustavodemattos/.rbenv/versions/2.5.0/lib/ruby/gems/2.5.0/gems/actionpack-5.0.4/lib/action_dispatch/middleware/templates/rescues/_request_and_response.html.erb (0.7ms)
  Rendered /Users/gustavodemattos/.rbenv/versions/2.5.0/lib/ruby/gems/2.5.0/gems/actionpack-5.0.4/lib/action_dispatch/middleware/templates/rescues/routing_error.html.erb within rescues/layout (114.8ms)
DEPRECATION WARNING: Accessing mime types via constants is deprecated. Please change `Mime::HTML` to `Mime[:html]`. (called from acceptable_content_type? at /Users/gustavodemattos/.rbenv/versions/2.5.0/lib/ruby/gems/2.5.0/gems/web-console-2.3.0/lib/web_console/middleware.rb:58)
  Rendering /Users/gustavodemattos/.rbenv/versions/2.5.0/lib/ruby/gems/2.5.0/gems/web-console-2.3.0/lib/web_console/templates/index.html.erb
  Rendered /Users/gustavodemattos/.rbenv/versions/2.5.0/lib/ruby/gems/2.5.0/gems/web-console-2.3.0/lib/web_console/templates/_markup.html.erb (0.3ms)
  Rendering /Users/gustavodemattos/.rbenv/versions/2.5.0/lib/ruby/gems/2.5.0/gems/web-console-2.3.0/lib/web_console/templates/console.js.erb within layouts/javascript
  Rendering /Users/gustavodemattos/.rbenv/versions/2.5.0/lib/ruby/gems/2.5.0/gems/web-console-2.3.0/lib/web_console/templates/_inner_console_markup.html.erb within layouts/inlined_string
  Rendered /Users/gustavodemattos/.rbenv/versions/2.5.0/lib/ruby/gems/2.5.0/gems/web-console-2.3.0/lib/web_console/templates/_inner_console_markup.html.erb within layouts/inlined_string (0.3ms)
  Rendering /Users/gustavodemattos/.rbenv/versions/2.5.0/lib/ruby/gems/2.5.0/gems/web-console-2.3.0/lib/web_console/templates/_prompt_box_markup.html.erb within layouts/inlined_string
  Rendered /Users/gustavodemattos/.rbenv/versions/2.5.0/lib/ruby/gems/2.5.0/gems/web-console-2.3.0/lib/web_console/templates/_prompt_box_markup.html.erb within layouts/inlined_string (0.2ms)
  Rendering /Users/gustavodemattos/.rbenv/versions/2.5.0/lib/ruby/gems/2.5.0/gems/web-console-2.3.0/lib/web_console/templates/style.css.erb within layouts/inlined_string
  Rendered /Users/gustavodemattos/.rbenv/versions/2.5.0/lib/ruby/gems/2.5.0/gems/web-console-2.3.0/lib/web_console/templates/style.css.erb within layouts/inlined_string (0.3ms)
DEPRECATION WARNING: Accessing mime types via constants is deprecated. Please change `Mime::WEB_CONSOLE_V2` to `Mime[:web_console_v2]`. (called from ___sers_gustavodemattos__rbenv_versions_______lib_ruby_gems_______gems_web_console_______lib_web_console_templates_console_js_erb__3996187604320924821_70243957034720 at /Users/gustavodemattos/.rbenv/versions/2.5.0/lib/ruby/gems/2.5.0/gems/web-console-2.3.0/lib/web_console/templates/console.js.erb:491)
  Rendered /Users/gustavodemattos/.rbenv/versions/2.5.0/lib/ruby/gems/2.5.0/gems/web-console-2.3.0/lib/web_console/templates/console.js.erb within layouts/javascript (86.3ms)
  Rendering /Users/gustavodemattos/.rbenv/versions/2.5.0/lib/ruby/gems/2.5.0/gems/web-console-2.3.0/lib/web_console/templates/main.js.erb within layouts/javascript
  Rendered /Users/gustavodemattos/.rbenv/versions/2.5.0/lib/ruby/gems/2.5.0/gems/web-console-2.3.0/lib/web_console/templates/main.js.erb within layouts/javascript (0.2ms)
  Rendering /Users/gustavodemattos/.rbenv/versions/2.5.0/lib/ruby/gems/2.5.0/gems/web-console-2.3.0/lib/web_console/templates/error_page.js.erb within layouts/javascript
  Rendered /Users/gustavodemattos/.rbenv/versions/2.5.0/lib/ruby/gems/2.5.0/gems/web-console-2.3.0/lib/web_console/templates/error_page.js.erb within layouts/javascript (0.3ms)
  Rendered /Users/gustavodemattos/.rbenv/versions/2.5.0/lib/ruby/gems/2.5.0/gems/web-console-2.3.0/lib/web_console/templates/index.html.erb (200.2ms)
Started GET "/kittens/100" for ::1 at 2018-04-12 19:27:29 -0400
  
ActionController::RoutingError (No route matches [GET] "/kittens/100"):
  

  Rendering /Users/gustavodemattos/.rbenv/versions/2.5.0/lib/ruby/gems/2.5.0/gems/actionpack-5.0.4/lib/action_dispatch/middleware/templates/rescues/routing_error.html.erb within rescues/layout
  Rendering /Users/gustavodemattos/.rbenv/versions/2.5.0/lib/ruby/gems/2.5.0/gems/actionpack-5.0.4/lib/action_dispatch/middleware/templates/rescues/_trace.html.erb
  Rendered /Users/gustavodemattos/.rbenv/versions/2.5.0/lib/ruby/gems/2.5.0/gems/actionpack-5.0.4/lib/action_dispatch/middleware/templates/rescues/_trace.html.erb (0.6ms)
  Rendered collection of /Users/gustavodemattos/.rbenv/versions/2.5.0/lib/ruby/gems/2.5.0/gems/actionpack-5.0.4/lib/action_dispatch/middleware/templates/routes/_route.html.erb [5 times] (1.3ms)
  Rendered /Users/gustavodemattos/.rbenv/versions/2.5.0/lib/ruby/gems/2.5.0/gems/actionpack-5.0.4/lib/action_dispatch/middleware/templates/routes/_table.html.erb (0.9ms)
  Rendering /Users/gustavodemattos/.rbenv/versions/2.5.0/lib/ruby/gems/2.5.0/gems/actionpack-5.0.4/lib/action_dispatch/middleware/templates/rescues/_request_and_response.html.erb
  Rendered /Users/gustavodemattos/.rbenv/versions/2.5.0/lib/ruby/gems/2.5.0/gems/actionpack-5.0.4/lib/action_dispatch/middleware/templates/rescues/_request_and_response.html.erb (0.8ms)
  Rendered /Users/gustavodemattos/.rbenv/versions/2.5.0/lib/ruby/gems/2.5.0/gems/actionpack-5.0.4/lib/action_dispatch/middleware/templates/rescues/routing_error.html.erb within rescues/layout (107.6ms)
DEPRECATION WARNING: Accessing mime types via constants is deprecated. Please change `Mime::HTML` to `Mime[:html]`. (called from acceptable_content_type? at /Users/gustavodemattos/.rbenv/versions/2.5.0/lib/ruby/gems/2.5.0/gems/web-console-2.3.0/lib/web_console/middleware.rb:58)
  Rendering /Users/gustavodemattos/.rbenv/versions/2.5.0/lib/ruby/gems/2.5.0/gems/web-console-2.3.0/lib/web_console/templates/index.html.erb
  Rendered /Users/gustavodemattos/.rbenv/versions/2.5.0/lib/ruby/gems/2.5.0/gems/web-console-2.3.0/lib/web_console/templates/_markup.html.erb (0.2ms)
  Rendering /Users/gustavodemattos/.rbenv/versions/2.5.0/lib/ruby/gems/2.5.0/gems/web-console-2.3.0/lib/web_console/templates/console.js.erb within layouts/javascript
  Rendering /Users/gustavodemattos/.rbenv/versions/2.5.0/lib/ruby/gems/2.5.0/gems/web-console-2.3.0/lib/web_console/templates/_inner_console_markup.html.erb within layouts/inlined_string
  Rendered /Users/gustavodemattos/.rbenv/versions/2.5.0/lib/ruby/gems/2.5.0/gems/web-console-2.3.0/lib/web_console/templates/_inner_console_markup.html.erb within layouts/inlined_string (0.2ms)
  Rendering /Users/gustavodemattos/.rbenv/versions/2.5.0/lib/ruby/gems/2.5.0/gems/web-console-2.3.0/lib/web_console/templates/_prompt_box_markup.html.erb within layouts/inlined_string
  Rendered /Users/gustavodemattos/.rbenv/versions/2.5.0/lib/ruby/gems/2.5.0/gems/web-console-2.3.0/lib/web_console/templates/_prompt_box_markup.html.erb within layouts/inlined_string (0.3ms)
  Rendering /Users/gustavodemattos/.rbenv/versions/2.5.0/lib/ruby/gems/2.5.0/gems/web-console-2.3.0/lib/web_console/templates/style.css.erb within layouts/inlined_string
  Rendered /Users/gustavodemattos/.rbenv/versions/2.5.0/lib/ruby/gems/2.5.0/gems/web-console-2.3.0/lib/web_console/templates/style.css.erb within layouts/inlined_string (0.2ms)
DEPRECATION WARNING: Accessing mime types via constants is deprecated. Please change `Mime::WEB_CONSOLE_V2` to `Mime[:web_console_v2]`. (called from ___sers_gustavodemattos__rbenv_versions_______lib_ruby_gems_______gems_web_console_______lib_web_console_templates_console_js_erb__3996187604320924821_70243956281380 at /Users/gustavodemattos/.rbenv/versions/2.5.0/lib/ruby/gems/2.5.0/gems/web-console-2.3.0/lib/web_console/templates/console.js.erb:491)
  Rendered /Users/gustavodemattos/.rbenv/versions/2.5.0/lib/ruby/gems/2.5.0/gems/web-console-2.3.0/lib/web_console/templates/console.js.erb within layouts/javascript (79.4ms)
  Rendering /Users/gustavodemattos/.rbenv/versions/2.5.0/lib/ruby/gems/2.5.0/gems/web-console-2.3.0/lib/web_console/templates/main.js.erb within layouts/javascript
  Rendered /Users/gustavodemattos/.rbenv/versions/2.5.0/lib/ruby/gems/2.5.0/gems/web-console-2.3.0/lib/web_console/templates/main.js.erb within layouts/javascript (0.2ms)
  Rendering /Users/gustavodemattos/.rbenv/versions/2.5.0/lib/ruby/gems/2.5.0/gems/web-console-2.3.0/lib/web_console/templates/error_page.js.erb within layouts/javascript
  Rendered /Users/gustavodemattos/.rbenv/versions/2.5.0/lib/ruby/gems/2.5.0/gems/web-console-2.3.0/lib/web_console/templates/error_page.js.erb within layouts/javascript (0.3ms)
  Rendered /Users/gustavodemattos/.rbenv/versions/2.5.0/lib/ruby/gems/2.5.0/gems/web-console-2.3.0/lib/web_console/templates/index.html.erb (174.5ms)
Started GET "/kitten" for ::1 at 2018-04-12 19:27:38 -0400
  
ActionController::RoutingError (No route matches [GET] "/kitten"):
  

  Rendering /Users/gustavodemattos/.rbenv/versions/2.5.0/lib/ruby/gems/2.5.0/gems/actionpack-5.0.4/lib/action_dispatch/middleware/templates/rescues/routing_error.html.erb within rescues/layout
  Rendering /Users/gustavodemattos/.rbenv/versions/2.5.0/lib/ruby/gems/2.5.0/gems/actionpack-5.0.4/lib/action_dispatch/middleware/templates/rescues/_trace.html.erb
  Rendered /Users/gustavodemattos/.rbenv/versions/2.5.0/lib/ruby/gems/2.5.0/gems/actionpack-5.0.4/lib/action_dispatch/middleware/templates/rescues/_trace.html.erb (0.7ms)
  Rendered collection of /Users/gustavodemattos/.rbenv/versions/2.5.0/lib/ruby/gems/2.5.0/gems/actionpack-5.0.4/lib/action_dispatch/middleware/templates/routes/_route.html.erb [5 times] (1.5ms)
  Rendered /Users/gustavodemattos/.rbenv/versions/2.5.0/lib/ruby/gems/2.5.0/gems/actionpack-5.0.4/lib/action_dispatch/middleware/templates/routes/_table.html.erb (0.8ms)
  Rendering /Users/gustavodemattos/.rbenv/versions/2.5.0/lib/ruby/gems/2.5.0/gems/actionpack-5.0.4/lib/action_dispatch/middleware/templates/rescues/_request_and_response.html.erb
  Rendered /Users/gustavodemattos/.rbenv/versions/2.5.0/lib/ruby/gems/2.5.0/gems/actionpack-5.0.4/lib/action_dispatch/middleware/templates/rescues/_request_and_response.html.erb (0.8ms)
  Rendered /Users/gustavodemattos/.rbenv/versions/2.5.0/lib/ruby/gems/2.5.0/gems/actionpack-5.0.4/lib/action_dispatch/middleware/templates/rescues/routing_error.html.erb within rescues/layout (108.7ms)
DEPRECATION WARNING: Accessing mime types via constants is deprecated. Please change `Mime::HTML` to `Mime[:html]`. (called from acceptable_content_type? at /Users/gustavodemattos/.rbenv/versions/2.5.0/lib/ruby/gems/2.5.0/gems/web-console-2.3.0/lib/web_console/middleware.rb:58)
  Rendering /Users/gustavodemattos/.rbenv/versions/2.5.0/lib/ruby/gems/2.5.0/gems/web-console-2.3.0/lib/web_console/templates/index.html.erb
  Rendered /Users/gustavodemattos/.rbenv/versions/2.5.0/lib/ruby/gems/2.5.0/gems/web-console-2.3.0/lib/web_console/templates/_markup.html.erb (0.3ms)
  Rendering /Users/gustavodemattos/.rbenv/versions/2.5.0/lib/ruby/gems/2.5.0/gems/web-console-2.3.0/lib/web_console/templates/console.js.erb within layouts/javascript
  Rendering /Users/gustavodemattos/.rbenv/versions/2.5.0/lib/ruby/gems/2.5.0/gems/web-console-2.3.0/lib/web_console/templates/_inner_console_markup.html.erb within layouts/inlined_string
  Rendered /Users/gustavodemattos/.rbenv/versions/2.5.0/lib/ruby/gems/2.5.0/gems/web-console-2.3.0/lib/web_console/templates/_inner_console_markup.html.erb within layouts/inlined_string (0.4ms)
  Rendering /Users/gustavodemattos/.rbenv/versions/2.5.0/lib/ruby/gems/2.5.0/gems/web-console-2.3.0/lib/web_console/templates/_prompt_box_markup.html.erb within layouts/inlined_string
  Rendered /Users/gustavodemattos/.rbenv/versions/2.5.0/lib/ruby/gems/2.5.0/gems/web-console-2.3.0/lib/web_console/templates/_prompt_box_markup.html.erb within layouts/inlined_string (0.2ms)
  Rendering /Users/gustavodemattos/.rbenv/versions/2.5.0/lib/ruby/gems/2.5.0/gems/web-console-2.3.0/lib/web_console/templates/style.css.erb within layouts/inlined_string
  Rendered /Users/gustavodemattos/.rbenv/versions/2.5.0/lib/ruby/gems/2.5.0/gems/web-console-2.3.0/lib/web_console/templates/style.css.erb within layouts/inlined_string (0.3ms)
DEPRECATION WARNING: Accessing mime types via constants is deprecated. Please change `Mime::WEB_CONSOLE_V2` to `Mime[:web_console_v2]`. (called from ___sers_gustavodemattos__rbenv_versions_______lib_ruby_gems_______gems_web_console_______lib_web_console_templates_console_js_erb__3996187604320924821_70243947680160 at /Users/gustavodemattos/.rbenv/versions/2.5.0/lib/ruby/gems/2.5.0/gems/web-console-2.3.0/lib/web_console/templates/console.js.erb:491)
  Rendered /Users/gustavodemattos/.rbenv/versions/2.5.0/lib/ruby/gems/2.5.0/gems/web-console-2.3.0/lib/web_console/templates/console.js.erb within layouts/javascript (81.1ms)
  Rendering /Users/gustavodemattos/.rbenv/versions/2.5.0/lib/ruby/gems/2.5.0/gems/web-console-2.3.0/lib/web_console/templates/main.js.erb within layouts/javascript
  Rendered /Users/gustavodemattos/.rbenv/versions/2.5.0/lib/ruby/gems/2.5.0/gems/web-console-2.3.0/lib/web_console/templates/main.js.erb within layouts/javascript (0.2ms)
  Rendering /Users/gustavodemattos/.rbenv/versions/2.5.0/lib/ruby/gems/2.5.0/gems/web-console-2.3.0/lib/web_console/templates/error_page.js.erb within layouts/javascript
  Rendered /Users/gustavodemattos/.rbenv/versions/2.5.0/lib/ruby/gems/2.5.0/gems/web-console-2.3.0/lib/web_console/templates/error_page.js.erb within layouts/javascript (0.4ms)
  Rendered /Users/gustavodemattos/.rbenv/versions/2.5.0/lib/ruby/gems/2.5.0/gems/web-console-2.3.0/lib/web_console/templates/index.html.erb (176.3ms)
Started GET "/kitten/100" for ::1 at 2018-04-12 19:27:43 -0400
Processing by PagesController#kitten as HTML
  Parameters: {"size"=>"100"}
  Rendering pages/kitten.html.erb within layouts/application
  Rendered pages/kitten.html.erb within layouts/application (2.9ms)
Completed 500 Internal Server Error in 9ms (ActiveRecord: 0.0ms)


  
ActionView::Template::Error (nil is not a valid asset source):
Started GET "/kitten/100" for ::1 at 2018-04-12 19:29:39 -0400
Processing by PagesController#kitten as HTML
  Parameters: {"size"=>"100"}
  Rendering pages/kitten.html.erb within layouts/application
  Rendered pages/kitten.html.erb within layouts/application (0.3ms)
Completed 200 OK in 22ms (Views: 20.3ms | ActiveRecord: 0.0ms)


Started GET "/kitten/500" for ::1 at 2018-04-12 19:29:50 -0400
Processing by PagesController#kitten as HTML
  Parameters: {"size"=>"500"}
  Rendering pages/kitten.html.erb within layouts/application
  Rendered pages/kitten.html.erb within layouts/application (0.4ms)
Completed 200 OK in 18ms (Views: 16.7ms | ActiveRecord: 0.0ms)


Started GET "/kitten/900" for ::1 at 2018-04-12 19:30:01 -0400
Processing by PagesController#kitten as HTML
  Parameters: {"size"=>"900"}
  Rendering pages/kitten.html.erb within layouts/application
  Rendered pages/kitten.html.erb within layouts/application (0.3ms)
Completed 200 OK in 20ms (Views: 18.0ms | ActiveRecord: 0.0ms)


Started GET "/kittens/900" for ::1 at 2018-04-12 19:31:53 -0400
  
ActionController::RoutingError (No route matches [GET] "/kittens/900"):
  

  Rendering /Users/gustavodemattos/.rbenv/versions/2.5.0/lib/ruby/gems/2.5.0/gems/actionpack-5.0.4/lib/action_dispatch/middleware/templates/rescues/routing_error.html.erb within rescues/layout
  Rendering /Users/gustavodemattos/.rbenv/versions/2.5.0/lib/ruby/gems/2.5.0/gems/actionpack-5.0.4/lib/action_dispatch/middleware/templates/rescues/_trace.html.erb
  Rendered /Users/gustavodemattos/.rbenv/versions/2.5.0/lib/ruby/gems/2.5.0/gems/actionpack-5.0.4/lib/action_dispatch/middleware/templates/rescues/_trace.html.erb (6.6ms)
  Rendered collection of /Users/gustavodemattos/.rbenv/versions/2.5.0/lib/ruby/gems/2.5.0/gems/actionpack-5.0.4/lib/action_dispatch/middleware/templates/routes/_route.html.erb [5 times] (1.4ms)
  Rendered /Users/gustavodemattos/.rbenv/versions/2.5.0/lib/ruby/gems/2.5.0/gems/actionpack-5.0.4/lib/action_dispatch/middleware/templates/routes/_table.html.erb (0.8ms)
  Rendering /Users/gustavodemattos/.rbenv/versions/2.5.0/lib/ruby/gems/2.5.0/gems/actionpack-5.0.4/lib/action_dispatch/middleware/templates/rescues/_request_and_response.html.erb
  Rendered /Users/gustavodemattos/.rbenv/versions/2.5.0/lib/ruby/gems/2.5.0/gems/actionpack-5.0.4/lib/action_dispatch/middleware/templates/rescues/_request_and_response.html.erb (0.8ms)
  Rendered /Users/gustavodemattos/.rbenv/versions/2.5.0/lib/ruby/gems/2.5.0/gems/actionpack-5.0.4/lib/action_dispatch/middleware/templates/rescues/routing_error.html.erb within rescues/layout (112.5ms)
DEPRECATION WARNING: Accessing mime types via constants is deprecated. Please change `Mime::HTML` to `Mime[:html]`. (called from acceptable_content_type? at /Users/gustavodemattos/.rbenv/versions/2.5.0/lib/ruby/gems/2.5.0/gems/web-console-2.3.0/lib/web_console/middleware.rb:58)
  Rendering /Users/gustavodemattos/.rbenv/versions/2.5.0/lib/ruby/gems/2.5.0/gems/web-console-2.3.0/lib/web_console/templates/index.html.erb
  Rendered /Users/gustavodemattos/.rbenv/versions/2.5.0/lib/ruby/gems/2.5.0/gems/web-console-2.3.0/lib/web_console/templates/_markup.html.erb (0.3ms)
  Rendering /Users/gustavodemattos/.rbenv/versions/2.5.0/lib/ruby/gems/2.5.0/gems/web-console-2.3.0/lib/web_console/templates/console.js.erb within layouts/javascript
  Rendering /Users/gustavodemattos/.rbenv/versions/2.5.0/lib/ruby/gems/2.5.0/gems/web-console-2.3.0/lib/web_console/templates/_inner_console_markup.html.erb within layouts/inlined_string
  Rendered /Users/gustavodemattos/.rbenv/versions/2.5.0/lib/ruby/gems/2.5.0/gems/web-console-2.3.0/lib/web_console/templates/_inner_console_markup.html.erb within layouts/inlined_string (0.2ms)
  Rendering /Users/gustavodemattos/.rbenv/versions/2.5.0/lib/ruby/gems/2.5.0/gems/web-console-2.3.0/lib/web_console/templates/_prompt_box_markup.html.erb within layouts/inlined_string
  Rendered /Users/gustavodemattos/.rbenv/versions/2.5.0/lib/ruby/gems/2.5.0/gems/web-console-2.3.0/lib/web_console/templates/_prompt_box_markup.html.erb within layouts/inlined_string (0.3ms)
  Rendering /Users/gustavodemattos/.rbenv/versions/2.5.0/lib/ruby/gems/2.5.0/gems/web-console-2.3.0/lib/web_console/templates/style.css.erb within layouts/inlined_string
  Rendered /Users/gustavodemattos/.rbenv/versions/2.5.0/lib/ruby/gems/2.5.0/gems/web-console-2.3.0/lib/web_console/templates/style.css.erb within layouts/inlined_string (0.4ms)
DEPRECATION WARNING: Accessing mime types via constants is deprecated. Please change `Mime::WEB_CONSOLE_V2` to `Mime[:web_console_v2]`. (called from ___sers_gustavodemattos__rbenv_versions_______lib_ruby_gems_______gems_web_console_______lib_web_console_templates_console_js_erb__3996187604320924821_70243956923140 at /Users/gustavodemattos/.rbenv/versions/2.5.0/lib/ruby/gems/2.5.0/gems/web-console-2.3.0/lib/web_console/templates/console.js.erb:491)
  Rendered /Users/gustavodemattos/.rbenv/versions/2.5.0/lib/ruby/gems/2.5.0/gems/web-console-2.3.0/lib/web_console/templates/console.js.erb within layouts/javascript (80.8ms)
  Rendering /Users/gustavodemattos/.rbenv/versions/2.5.0/lib/ruby/gems/2.5.0/gems/web-console-2.3.0/lib/web_console/templates/main.js.erb within layouts/javascript
  Rendered /Users/gustavodemattos/.rbenv/versions/2.5.0/lib/ruby/gems/2.5.0/gems/web-console-2.3.0/lib/web_console/templates/main.js.erb within layouts/javascript (0.2ms)
  Rendering /Users/gustavodemattos/.rbenv/versions/2.5.0/lib/ruby/gems/2.5.0/gems/web-console-2.3.0/lib/web_console/templates/error_page.js.erb within layouts/javascript
  Rendered /Users/gustavodemattos/.rbenv/versions/2.5.0/lib/ruby/gems/2.5.0/gems/web-console-2.3.0/lib/web_console/templates/error_page.js.erb within layouts/javascript (0.3ms)
  Rendered /Users/gustavodemattos/.rbenv/versions/2.5.0/lib/ruby/gems/2.5.0/gems/web-console-2.3.0/lib/web_console/templates/index.html.erb (175.4ms)
Started GET "/kittens/900" for ::1 at 2018-04-12 19:32:16 -0400
Processing by PagesController#kittens as HTML
  Parameters: {"size"=>"900"}
  Rendering pages/kittens.html.erb within layouts/application
  Rendered pages/kittens.html.erb within layouts/application (0.4ms)
Completed 200 OK in 16ms (Views: 14.5ms | ActiveRecord: 0.0ms)


Started GET "/kittens/900" for ::1 at 2018-04-12 19:33:47 -0400
Processing by PagesController#kittens as HTML
  Parameters: {"size"=>"900"}
  Rendering pages/kittens.html.erb within layouts/application
  Rendered pages/kittens.html.erb within layouts/application (0.4ms)
Completed 200 OK in 15ms (Views: 12.9ms | ActiveRecord: 0.0ms)


Started GET "/kitten/900" for ::1 at 2018-04-12 19:35:08 -0400
Processing by PagesController#kitten as HTML
  Parameters: {"size"=>"900"}
  Rendering pages/kitten.html.erb within layouts/application
  Rendered pages/kitten.html.erb within layouts/application (0.3ms)
Completed 200 OK in 15ms (Views: 13.0ms | ActiveRecord: 0.0ms)


Started GET "/contest" for ::1 at 2018-04-12 19:38:39 -0400
Processing by PagesController#contest as HTML
Redirected to http://localhost:3000/welcome
Completed 302 Found in 1ms (ActiveRecord: 0.0ms)


Started GET "/welcome" for ::1 at 2018-04-12 19:38:39 -0400
Processing by PagesController#welcome as HTML
  Rendering pages/welcome.html.erb within layouts/application
  Rendered pages/welcome.html.erb within layouts/application (0.3ms)
Completed 200 OK in 13ms (Views: 11.7ms | ActiveRecord: 0.0ms)


Started GET "/welcome" for ::1 at 2018-04-12 19:38:46 -0400
Processing by PagesController#welcome as HTML
  Rendering pages/welcome.html.erb within layouts/application
  Rendered pages/welcome.html.erb within layouts/application (0.3ms)
Completed 200 OK in 14ms (Views: 11.9ms | ActiveRecord: 0.0ms)


Started GET "/contest" for ::1 at 2018-04-12 19:39:16 -0400
Processing by PagesController#contest as HTML
Redirected to http://localhost:3000/welcome
Completed 302 Found in 1ms (ActiveRecord: 0.0ms)


Started GET "/welcome" for ::1 at 2018-04-12 19:39:16 -0400
Processing by PagesController#welcome as HTML
  Rendering pages/welcome.html.erb within layouts/application
  Rendered pages/welcome.html.erb within layouts/application (0.2ms)
Completed 200 OK in 13ms (Views: 11.2ms | ActiveRecord: 0.0ms)


Started GET "/secrets/dasda" for ::1 at 2018-04-12 19:42:56 -0400
Processing by PagesController#secrets as HTML
  Parameters: {"magic_word"=>"dasda"}
Completed 500 Internal Server Error in 7ms (ActiveRecord: 0.0ms)


  
NameError (undefined local variable or method `magicword' for #<PagesController:0x00007fc5dff85398>):
  

  Rendering /Users/gustavodemattos/.rbenv/versions/2.5.0/lib/ruby/gems/2.5.0/gems/actionpack-5.0.4/lib/action_dispatch/middleware/templates/rescues/diagnostics.html.erb within rescues/layout
  Rendering /Users/gustavodemattos/.rbenv/versions/2.5.0/lib/ruby/gems/2.5.0/gems/actionpack-5.0.4/lib/action_dispatch/middleware/templates/rescues/_source.html.erb
  Rendered /Users/gustavodemattos/.rbenv/versions/2.5.0/lib/ruby/gems/2.5.0/gems/actionpack-5.0.4/lib/action_dispatch/middleware/templates/rescues/_source.html.erb (0.6ms)
  Rendering /Users/gustavodemattos/.rbenv/versions/2.5.0/lib/ruby/gems/2.5.0/gems/actionpack-5.0.4/lib/action_dispatch/middleware/templates/rescues/_trace.html.erb
  Rendered /Users/gustavodemattos/.rbenv/versions/2.5.0/lib/ruby/gems/2.5.0/gems/actionpack-5.0.4/lib/action_dispatch/middleware/templates/rescues/_trace.html.erb (0.6ms)
  Rendering /Users/gustavodemattos/.rbenv/versions/2.5.0/lib/ruby/gems/2.5.0/gems/actionpack-5.0.4/lib/action_dispatch/middleware/templates/rescues/_request_and_response.html.erb
  Rendered /Users/gustavodemattos/.rbenv/versions/2.5.0/lib/ruby/gems/2.5.0/gems/actionpack-5.0.4/lib/action_dispatch/middleware/templates/rescues/_request_and_response.html.erb (0.8ms)
  Rendered /Users/gustavodemattos/.rbenv/versions/2.5.0/lib/ruby/gems/2.5.0/gems/actionpack-5.0.4/lib/action_dispatch/middleware/templates/rescues/diagnostics.html.erb within rescues/layout (86.8ms)
DEPRECATION WARNING: Accessing mime types via constants is deprecated. Please change `Mime::HTML` to `Mime[:html]`. (called from acceptable_content_type? at /Users/gustavodemattos/.rbenv/versions/2.5.0/lib/ruby/gems/2.5.0/gems/web-console-2.3.0/lib/web_console/middleware.rb:58)
  Rendering /Users/gustavodemattos/.rbenv/versions/2.5.0/lib/ruby/gems/2.5.0/gems/web-console-2.3.0/lib/web_console/templates/index.html.erb
  Rendered /Users/gustavodemattos/.rbenv/versions/2.5.0/lib/ruby/gems/2.5.0/gems/web-console-2.3.0/lib/web_console/templates/_markup.html.erb (0.3ms)
  Rendering /Users/gustavodemattos/.rbenv/versions/2.5.0/lib/ruby/gems/2.5.0/gems/web-console-2.3.0/lib/web_console/templates/console.js.erb within layouts/javascript
  Rendering /Users/gustavodemattos/.rbenv/versions/2.5.0/lib/ruby/gems/2.5.0/gems/web-console-2.3.0/lib/web_console/templates/_inner_console_markup.html.erb within layouts/inlined_string
  Rendered /Users/gustavodemattos/.rbenv/versions/2.5.0/lib/ruby/gems/2.5.0/gems/web-console-2.3.0/lib/web_console/templates/_inner_console_markup.html.erb within layouts/inlined_string (0.3ms)
  Rendering /Users/gustavodemattos/.rbenv/versions/2.5.0/lib/ruby/gems/2.5.0/gems/web-console-2.3.0/lib/web_console/templates/_prompt_box_markup.html.erb within layouts/inlined_string
  Rendered /Users/gustavodemattos/.rbenv/versions/2.5.0/lib/ruby/gems/2.5.0/gems/web-console-2.3.0/lib/web_console/templates/_prompt_box_markup.html.erb within layouts/inlined_string (0.3ms)
  Rendering /Users/gustavodemattos/.rbenv/versions/2.5.0/lib/ruby/gems/2.5.0/gems/web-console-2.3.0/lib/web_console/templates/style.css.erb within layouts/inlined_string
  Rendered /Users/gustavodemattos/.rbenv/versions/2.5.0/lib/ruby/gems/2.5.0/gems/web-console-2.3.0/lib/web_console/templates/style.css.erb within layouts/inlined_string (0.3ms)
DEPRECATION WARNING: Accessing mime types via constants is deprecated. Please change `Mime::WEB_CONSOLE_V2` to `Mime[:web_console_v2]`. (called from ___sers_gustavodemattos__rbenv_versions_______lib_ruby_gems_______gems_web_console_______lib_web_console_templates_console_js_erb__3996187604320924821_70243947169480 at /Users/gustavodemattos/.rbenv/versions/2.5.0/lib/ruby/gems/2.5.0/gems/web-console-2.3.0/lib/web_console/templates/console.js.erb:491)
  Rendered /Users/gustavodemattos/.rbenv/versions/2.5.0/lib/ruby/gems/2.5.0/gems/web-console-2.3.0/lib/web_console/templates/console.js.erb within layouts/javascript (79.3ms)
  Rendering /Users/gustavodemattos/.rbenv/versions/2.5.0/lib/ruby/gems/2.5.0/gems/web-console-2.3.0/lib/web_console/templates/main.js.erb within layouts/javascript
  Rendered /Users/gustavodemattos/.rbenv/versions/2.5.0/lib/ruby/gems/2.5.0/gems/web-console-2.3.0/lib/web_console/templates/main.js.erb within layouts/javascript (0.3ms)
  Rendering /Users/gustavodemattos/.rbenv/versions/2.5.0/lib/ruby/gems/2.5.0/gems/web-console-2.3.0/lib/web_console/templates/error_page.js.erb within layouts/javascript
  Rendered /Users/gustavodemattos/.rbenv/versions/2.5.0/lib/ruby/gems/2.5.0/gems/web-console-2.3.0/lib/web_console/templates/error_page.js.erb within layouts/javascript (0.3ms)
  Rendered /Users/gustavodemattos/.rbenv/versions/2.5.0/lib/ruby/gems/2.5.0/gems/web-console-2.3.0/lib/web_console/templates/index.html.erb (177.0ms)
Started GET "/secrets/dasda" for ::1 at 2018-04-12 19:43:11 -0400
Processing by PagesController#secrets as HTML
  Parameters: {"magic_word"=>"dasda"}
Redirected to http://localhost:3000/welcome
Completed 302 Found in 1ms (ActiveRecord: 0.0ms)


Started GET "/welcome" for ::1 at 2018-04-12 19:43:11 -0400
Processing by PagesController#welcome as HTML
  Rendering pages/welcome.html.erb within layouts/application
  Rendered pages/welcome.html.erb within layouts/application (0.3ms)
Completed 200 OK in 15ms (Views: 13.6ms | ActiveRecord: 0.0ms)


Started GET "/secrets/dasda" for ::1 at 2018-04-12 19:43:36 -0400
Processing by PagesController#secrets as HTML
  Parameters: {"magic_word"=>"dasda"}
Redirected to http://localhost:3000/welcome
Completed 302 Found in 0ms (ActiveRecord: 0.0ms)


Started GET "/welcome" for ::1 at 2018-04-12 19:43:36 -0400
Processing by PagesController#welcome as HTML
  Rendering pages/welcome.html.erb within layouts/application
  Rendered pages/welcome.html.erb within layouts/application (0.4ms)
Completed 200 OK in 14ms (Views: 12.3ms | ActiveRecord: 0.0ms)


Started GET "/secrets/nagicword" for ::1 at 2018-04-12 19:43:44 -0400
Processing by PagesController#secrets as HTML
  Parameters: {"magic_word"=>"nagicword"}
Redirected to http://localhost:3000/welcome
Completed 302 Found in 1ms (ActiveRecord: 0.0ms)


Started GET "/welcome" for ::1 at 2018-04-12 19:43:44 -0400
Processing by PagesController#welcome as HTML
  Rendering pages/welcome.html.erb within layouts/application
  Rendered pages/welcome.html.erb within layouts/application (0.3ms)
Completed 200 OK in 13ms (Views: 11.4ms | ActiveRecord: 0.0ms)


Started GET "/secrets/magicword" for ::1 at 2018-04-12 19:44:17 -0400
Processing by PagesController#secrets as HTML
  Parameters: {"magic_word"=>"magicword"}
  Rendering pages/secrets.html.erb within layouts/application
  Rendered pages/secrets.html.erb within layouts/application (0.2ms)
Completed 200 OK in 13ms (Views: 10.7ms | ActiveRecord: 0.0ms)


Started GET "/secrets/magicword" for ::1 at 2018-04-12 19:50:00 -0400
Started GET "/secrets/magicword" for ::1 at 2018-04-12 19:50:03 -0400
  
ActionController::RoutingError (No route matches [GET] "/secrets/magicword"):
  

  Rendering /Users/gustavodemattos/.rbenv/versions/2.5.0/lib/ruby/gems/2.5.0/gems/actionpack-5.0.4/lib/action_dispatch/middleware/templates/rescues/routing_error.html.erb within rescues/layout
  Rendering /Users/gustavodemattos/.rbenv/versions/2.5.0/lib/ruby/gems/2.5.0/gems/actionpack-5.0.4/lib/action_dispatch/middleware/templates/rescues/_trace.html.erb
  Rendered /Users/gustavodemattos/.rbenv/versions/2.5.0/lib/ruby/gems/2.5.0/gems/actionpack-5.0.4/lib/action_dispatch/middleware/templates/rescues/_trace.html.erb (0.6ms)
  Rendered /Users/gustavodemattos/.rbenv/versions/2.5.0/lib/ruby/gems/2.5.0/gems/actionpack-5.0.4/lib/action_dispatch/middleware/templates/routes/_table.html.erb (0.7ms)
  Rendering /Users/gustavodemattos/.rbenv/versions/2.5.0/lib/ruby/gems/2.5.0/gems/actionpack-5.0.4/lib/action_dispatch/middleware/templates/rescues/_request_and_response.html.erb
  Rendered /Users/gustavodemattos/.rbenv/versions/2.5.0/lib/ruby/gems/2.5.0/gems/actionpack-5.0.4/lib/action_dispatch/middleware/templates/rescues/_request_and_response.html.erb (0.8ms)
  Rendered /Users/gustavodemattos/.rbenv/versions/2.5.0/lib/ruby/gems/2.5.0/gems/actionpack-5.0.4/lib/action_dispatch/middleware/templates/rescues/routing_error.html.erb within rescues/layout (86.6ms)
DEPRECATION WARNING: Accessing mime types via constants is deprecated. Please change `Mime::HTML` to `Mime[:html]`. (called from acceptable_content_type? at /Users/gustavodemattos/.rbenv/versions/2.5.0/lib/ruby/gems/2.5.0/gems/web-console-2.3.0/lib/web_console/middleware.rb:58)
  Rendering /Users/gustavodemattos/.rbenv/versions/2.5.0/lib/ruby/gems/2.5.0/gems/web-console-2.3.0/lib/web_console/templates/index.html.erb
  Rendered /Users/gustavodemattos/.rbenv/versions/2.5.0/lib/ruby/gems/2.5.0/gems/web-console-2.3.0/lib/web_console/templates/_markup.html.erb (0.3ms)
  Rendering /Users/gustavodemattos/.rbenv/versions/2.5.0/lib/ruby/gems/2.5.0/gems/web-console-2.3.0/lib/web_console/templates/console.js.erb within layouts/javascript
  Rendering /Users/gustavodemattos/.rbenv/versions/2.5.0/lib/ruby/gems/2.5.0/gems/web-console-2.3.0/lib/web_console/templates/_inner_console_markup.html.erb within layouts/inlined_string
  Rendered /Users/gustavodemattos/.rbenv/versions/2.5.0/lib/ruby/gems/2.5.0/gems/web-console-2.3.0/lib/web_console/templates/_inner_console_markup.html.erb within layouts/inlined_string (0.3ms)
  Rendering /Users/gustavodemattos/.rbenv/versions/2.5.0/lib/ruby/gems/2.5.0/gems/web-console-2.3.0/lib/web_console/templates/_prompt_box_markup.html.erb within layouts/inlined_string
  Rendered /Users/gustavodemattos/.rbenv/versions/2.5.0/lib/ruby/gems/2.5.0/gems/web-console-2.3.0/lib/web_console/templates/_prompt_box_markup.html.erb within layouts/inlined_string (0.2ms)
  Rendering /Users/gustavodemattos/.rbenv/versions/2.5.0/lib/ruby/gems/2.5.0/gems/web-console-2.3.0/lib/web_console/templates/style.css.erb within layouts/inlined_string
  Rendered /Users/gustavodemattos/.rbenv/versions/2.5.0/lib/ruby/gems/2.5.0/gems/web-console-2.3.0/lib/web_console/templates/style.css.erb within layouts/inlined_string (0.3ms)
DEPRECATION WARNING: Accessing mime types via constants is deprecated. Please change `Mime::WEB_CONSOLE_V2` to `Mime[:web_console_v2]`. (called from ___sers_gustavodemattos__rbenv_versions_______lib_ruby_gems_______gems_web_console_______lib_web_console_templates_console_js_erb__3996187604320924821_70243916093200 at /Users/gustavodemattos/.rbenv/versions/2.5.0/lib/ruby/gems/2.5.0/gems/web-console-2.3.0/lib/web_console/templates/console.js.erb:491)
  Rendered /Users/gustavodemattos/.rbenv/versions/2.5.0/lib/ruby/gems/2.5.0/gems/web-console-2.3.0/lib/web_console/templates/console.js.erb within layouts/javascript (88.3ms)
  Rendering /Users/gustavodemattos/.rbenv/versions/2.5.0/lib/ruby/gems/2.5.0/gems/web-console-2.3.0/lib/web_console/templates/main.js.erb within layouts/javascript
  Rendered /Users/gustavodemattos/.rbenv/versions/2.5.0/lib/ruby/gems/2.5.0/gems/web-console-2.3.0/lib/web_console/templates/main.js.erb within layouts/javascript (0.2ms)
  Rendering /Users/gustavodemattos/.rbenv/versions/2.5.0/lib/ruby/gems/2.5.0/gems/web-console-2.3.0/lib/web_console/templates/error_page.js.erb within layouts/javascript
  Rendered /Users/gustavodemattos/.rbenv/versions/2.5.0/lib/ruby/gems/2.5.0/gems/web-console-2.3.0/lib/web_console/templates/error_page.js.erb within layouts/javascript (0.3ms)
  Rendered /Users/gustavodemattos/.rbenv/versions/2.5.0/lib/ruby/gems/2.5.0/gems/web-console-2.3.0/lib/web_console/templates/index.html.erb (197.0ms)
